[debug] [2020-12-22T23:06:12.499Z] ----------------------------------------------------------------------
[debug] [2020-12-22T23:06:12.500Z] Command:       C:\Program Files\nodejs\node.exe C:\Users\slavikse\AppData\Roaming\npm\node_modules\firebase-tools\lib\bin\firebase.js init
[debug] [2020-12-22T23:06:12.501Z] CLI Version:   9.1.0
[debug] [2020-12-22T23:06:12.501Z] Platform:      win32
[debug] [2020-12-22T23:06:12.501Z] Node Version:  v14.15.3
[debug] [2020-12-22T23:06:12.501Z] Time:          Wed Dec 23 2020 02:06:12 GMT+0300 (Москва, стандартное время)
[debug] [2020-12-22T23:06:12.502Z] ----------------------------------------------------------------------
[debug] [2020-12-22T23:06:12.502Z] 
[debug] [2020-12-22T23:06:12.505Z] > command requires scopes: ["email","openid","https://www.googleapis.com/auth/cloudplatformprojects.readonly","https://www.googleapis.com/auth/firebase","https://www.googleapis.com/auth/cloud-platform"]
[debug] [2020-12-22T23:06:12.505Z] > authorizing via signed-in user
[info] 
     ######## #### ########  ######## ########     ###     ######  ########
     ##        ##  ##     ## ##       ##     ##  ##   ##  ##       ##
     ######    ##  ########  ######   ########  #########  ######  ######
     ##        ##  ##    ##  ##       ##     ## ##     ##       ## ##
     ##       #### ##     ## ######## ########  ##     ##  ######  ########

You're about to initialize a Firebase project in this directory:

  C:\Projects\pixsynt

Before we get started, keep in mind:

  * You are currently outside your home directory

